19-Feb-2021 15:24:43.900 INFO [main] org.apache.catalina.core.ApplicationContext.log ContextListener: contextInitialized()
19-Feb-2021 15:24:43.900 INFO [main] org.apache.catalina.core.ApplicationContext.log SessionListener: contextInitialized()
19-Feb-2021 15:24:43.902 INFO [main] org.apache.catalina.core.ApplicationContext.log ContextListener: attributeAdded('StockTicker', 'async.Stockticker@6e4ea0bd')
19-Feb-2021 15:25:20.311 INFO [Thread-2] org.apache.catalina.core.ApplicationContext.log SessionListener: contextDestroyed()
19-Feb-2021 15:25:20.311 INFO [Thread-2] org.apache.catalina.core.ApplicationContext.log ContextListener: contextDestroyed()
19-Feb-2021 15:35:57.280 INFO [main] org.apache.catalina.core.ApplicationContext.log ContextListener: contextInitialized()
19-Feb-2021 15:35:57.280 INFO [main] org.apache.catalina.core.ApplicationContext.log SessionListener: contextInitialized()
19-Feb-2021 15:35:57.282 INFO [main] org.apache.catalina.core.ApplicationContext.log ContextListener: attributeAdded('StockTicker', 'async.Stockticker@78f9ed3e')
19-Feb-2021 15:42:10.253 INFO [main] org.apache.catalina.core.ApplicationContext.log ContextListener: contextInitialized()
19-Feb-2021 15:42:10.253 INFO [main] org.apache.catalina.core.ApplicationContext.log SessionListener: contextInitialized()
19-Feb-2021 15:42:10.255 INFO [main] org.apache.catalina.core.ApplicationContext.log ContextListener: attributeAdded('StockTicker', 'async.Stockticker@81ff872')
19-Feb-2021 15:42:12.757 INFO [Thread-2] org.apache.catalina.core.ApplicationContext.log SessionListener: contextDestroyed()
19-Feb-2021 15:42:12.757 INFO [Thread-2] org.apache.catalina.core.ApplicationContext.log ContextListener: contextDestroyed()
19-Feb-2021 15:51:50.239 INFO [main] org.apache.catalina.core.ApplicationContext.log ContextListener: contextInitialized()
19-Feb-2021 15:51:50.239 INFO [main] org.apache.catalina.core.ApplicationContext.log SessionListener: contextInitialized()
19-Feb-2021 15:51:50.241 INFO [main] org.apache.catalina.core.ApplicationContext.log ContextListener: attributeAdded('StockTicker', 'async.Stockticker@68105edc')
19-Feb-2021 15:52:02.285 INFO [Thread-2] org.apache.catalina.core.ApplicationContext.log SessionListener: contextDestroyed()
19-Feb-2021 15:52:02.285 INFO [Thread-2] org.apache.catalina.core.ApplicationContext.log ContextListener: contextDestroyed()
19-Feb-2021 15:52:06.112 INFO [main] org.apache.catalina.core.ApplicationContext.log ContextListener: contextInitialized()
19-Feb-2021 15:52:06.112 INFO [main] org.apache.catalina.core.ApplicationContext.log SessionListener: contextInitialized()
19-Feb-2021 15:52:06.114 INFO [main] org.apache.catalina.core.ApplicationContext.log ContextListener: attributeAdded('StockTicker', 'async.Stockticker@60c16548')
19-Feb-2021 15:59:31.664 INFO [main] org.apache.catalina.core.ApplicationContext.log ContextListener: contextInitialized()
19-Feb-2021 15:59:31.664 INFO [main] org.apache.catalina.core.ApplicationContext.log SessionListener: contextInitialized()
19-Feb-2021 15:59:31.666 INFO [main] org.apache.catalina.core.ApplicationContext.log ContextListener: attributeAdded('StockTicker', 'async.Stockticker@81ff872')
19-Feb-2021 15:59:53.185 INFO [main] org.apache.catalina.core.ApplicationContext.log ContextListener: contextInitialized()
19-Feb-2021 15:59:53.185 INFO [main] org.apache.catalina.core.ApplicationContext.log SessionListener: contextInitialized()
19-Feb-2021 15:59:53.187 INFO [main] org.apache.catalina.core.ApplicationContext.log ContextListener: attributeAdded('StockTicker', 'async.Stockticker@511816c0')
19-Feb-2021 16:01:49.553 INFO [main] org.apache.catalina.core.ApplicationContext.log ContextListener: contextInitialized()
19-Feb-2021 16:01:49.553 INFO [main] org.apache.catalina.core.ApplicationContext.log SessionListener: contextInitialized()
19-Feb-2021 16:01:49.556 INFO [main] org.apache.catalina.core.ApplicationContext.log ContextListener: attributeAdded('StockTicker', 'async.Stockticker@c96a4ea')
19-Feb-2021 16:02:21.469 INFO [main] org.apache.catalina.core.ApplicationContext.log ContextListener: contextInitialized()
19-Feb-2021 16:02:21.469 INFO [main] org.apache.catalina.core.ApplicationContext.log SessionListener: contextInitialized()
19-Feb-2021 16:02:21.472 INFO [main] org.apache.catalina.core.ApplicationContext.log ContextListener: attributeAdded('StockTicker', 'async.Stockticker@60c16548')
19-Feb-2021 16:04:00.954 INFO [main] org.apache.catalina.core.ApplicationContext.log ContextListener: contextInitialized()
19-Feb-2021 16:04:00.954 INFO [main] org.apache.catalina.core.ApplicationContext.log SessionListener: contextInitialized()
19-Feb-2021 16:04:00.956 INFO [main] org.apache.catalina.core.ApplicationContext.log ContextListener: attributeAdded('StockTicker', 'async.Stockticker@5bdaf2ce')
19-Feb-2021 16:04:01.091 INFO [main] org.apache.catalina.core.ApplicationContext.log SessionListener: contextDestroyed()
19-Feb-2021 16:04:01.091 INFO [main] org.apache.catalina.core.ApplicationContext.log ContextListener: contextDestroyed()
19-Feb-2021 16:10:24.479 INFO [main] org.apache.catalina.core.ApplicationContext.log ContextListener: contextInitialized()
19-Feb-2021 16:10:24.479 INFO [main] org.apache.catalina.core.ApplicationContext.log SessionListener: contextInitialized()
19-Feb-2021 16:10:24.482 INFO [main] org.apache.catalina.core.ApplicationContext.log ContextListener: attributeAdded('StockTicker', 'async.Stockticker@60c16548')
19-Feb-2021 16:20:47.624 INFO [main] org.apache.catalina.core.ApplicationContext.log ContextListener: contextInitialized()
19-Feb-2021 16:20:47.624 INFO [main] org.apache.catalina.core.ApplicationContext.log SessionListener: contextInitialized()
19-Feb-2021 16:20:47.626 INFO [main] org.apache.catalina.core.ApplicationContext.log ContextListener: attributeAdded('StockTicker', 'async.Stockticker@60c16548')
19-Feb-2021 16:21:00.839 INFO [Thread-2] org.apache.catalina.core.ApplicationContext.log SessionListener: contextDestroyed()
19-Feb-2021 16:21:00.839 INFO [Thread-2] org.apache.catalina.core.ApplicationContext.log ContextListener: contextDestroyed()
19-Feb-2021 16:21:21.701 INFO [main] org.apache.catalina.core.ApplicationContext.log ContextListener: contextInitialized()
19-Feb-2021 16:21:21.701 INFO [main] org.apache.catalina.core.ApplicationContext.log SessionListener: contextInitialized()
19-Feb-2021 16:21:21.704 INFO [main] org.apache.catalina.core.ApplicationContext.log ContextListener: attributeAdded('StockTicker', 'async.Stockticker@60c16548')
19-Feb-2021 16:21:39.089 INFO [Thread-2] org.apache.catalina.core.ApplicationContext.log SessionListener: contextDestroyed()
19-Feb-2021 16:21:39.089 INFO [Thread-2] org.apache.catalina.core.ApplicationContext.log ContextListener: contextDestroyed()
